<?xml version="1.0" encoding="UTF-8"?>
<testng-results ignored="0" total="1" passed="1" failed="0" skipped="0">
  <reporter-output>
  </reporter-output>
  <suite started-at="2018-05-29T16:18:23Z" name="Default suite" finished-at="2018-05-29T16:18:27Z" duration-ms="4119">
    <groups>
    </groups>
    <test started-at="2018-05-29T16:18:23Z" name="Default test" finished-at="2018-05-29T16:18:27Z" duration-ms="4119">
      <class name="test.java.DeleteCookiesAfterLoginTC3">
        <test-method is-config="true" signature="beforeTest()[pri:0, instance:test.java.DeleteCookiesAfterLoginTC3@76a82f33]" started-at="2018-05-29T16:18:23Z" name="beforeTest" finished-at="2018-05-29T16:18:25Z" duration-ms="2450" status="PASS">
          <reporter-output>
          </reporter-output>
        </test-method> <!-- beforeTest -->
        <test-method signature="DeleteCookiesAfterLogin()[pri:0, instance:test.java.DeleteCookiesAfterLoginTC3@76a82f33]" started-at="2018-05-29T16:18:25Z" name="DeleteCookiesAfterLogin" finished-at="2018-05-29T16:18:26Z" duration-ms="1007" status="PASS">
          <reporter-output>
          </reporter-output>
        </test-method> <!-- DeleteCookiesAfterLogin -->
        <test-method is-config="true" signature="afterTest()[pri:0, instance:test.java.DeleteCookiesAfterLoginTC3@76a82f33]" started-at="2018-05-29T16:18:26Z" name="afterTest" finished-at="2018-05-29T16:18:27Z" duration-ms="618" status="PASS">
          <reporter-output>
          </reporter-output>
        </test-method> <!-- afterTest -->
      </class> <!-- test.java.DeleteCookiesAfterLoginTC3 -->
    </test> <!-- Default test -->
  </suite> <!-- Default suite -->
</testng-results>
