<?xml version="1.0" encoding="UTF-8"?>
<testng-results ignored="0" total="1" passed="1" failed="0" skipped="0">
  <reporter-output>
  </reporter-output>
  <suite started-at="2018-05-30T16:19:12Z" name="Default suite" finished-at="2018-05-30T16:19:16Z" duration-ms="4341">
    <groups>
    </groups>
    <test started-at="2018-05-30T16:19:12Z" name="Default test" finished-at="2018-05-30T16:19:16Z" duration-ms="4341">
      <class name="test.java.DeleteCookiesAfterLoginTC3">
        <test-method is-config="true" signature="beforeTest()[pri:0, instance:test.java.DeleteCookiesAfterLoginTC3@4089713]" started-at="2018-05-30T16:19:12Z" name="beforeTest" finished-at="2018-05-30T16:19:14Z" duration-ms="2542" status="PASS">
          <reporter-output>
          </reporter-output>
        </test-method> <!-- beforeTest -->
        <test-method signature="DeleteCookiesAfterLogin()[pri:0, instance:test.java.DeleteCookiesAfterLoginTC3@4089713]" started-at="2018-05-30T16:19:14Z" name="DeleteCookiesAfterLogin" finished-at="2018-05-30T16:19:15Z" duration-ms="1020" status="PASS">
          <reporter-output>
          </reporter-output>
        </test-method> <!-- DeleteCookiesAfterLogin -->
        <test-method is-config="true" signature="afterTest()[pri:0, instance:test.java.DeleteCookiesAfterLoginTC3@4089713]" started-at="2018-05-30T16:19:15Z" name="afterTest" finished-at="2018-05-30T16:19:16Z" duration-ms="756" status="PASS">
          <reporter-output>
          </reporter-output>
        </test-method> <!-- afterTest -->
      </class> <!-- test.java.DeleteCookiesAfterLoginTC3 -->
    </test> <!-- Default test -->
  </suite> <!-- Default suite -->
</testng-results>
